android_bak/app/build/intermediates/manifest_merge_blame_file/debug/processDebugMainManifest/manifest-merger-blame-debug-report.txt
1<?xml version="1.0" encoding="utf-8"?>
2<manifest xmlns:android="http://schemas.android.com/apk/res/android"
3    package="com.imaginaria.imaginaria_estudio"
4    android:versionCode="1"
5    android:versionName="1.0" >
6
7    <uses-sdk
8        android:minSdkVersion="24"
9        android:targetSdkVersion="34" />
10    <!--
11         The INTERNET permission is required for development. Specifically,
12         the Flutter tool needs it to communicate with the running application
13         to allow setting breakpoints, to provide hot reload, etc.
14    -->
15    <uses-permission android:name="android.permission.INTERNET" />
15-->src\main\AndroidManifest.xml:4:5-67
15-->src\main\AndroidManifest.xml:4:22-64
16    <!-- Android 13+ requiere permiso para notificaciones -->
17    <uses-permission android:name="android.permission.POST_NOTIFICATIONS" /> <!-- Package visibility para Process Text -->
17-->src\main\AndroidManifest.xml:3:5-77
17-->src\main\AndroidManifest.xml:3:22-74
18    <queries>
18-->src\main\AndroidManifest.xml:46:5-51:15
19        <intent>
19-->src\main\AndroidManifest.xml:47:9-50:18
20            <action android:name="android.intent.action.PROCESS_TEXT" />
20-->src\main\AndroidManifest.xml:48:13-73
20-->src\main\AndroidManifest.xml:48:21-70
21
22            <data android:mimeType="text/plain" />
22-->src\main\AndroidManifest.xml:49:13-51
22-->src\main\AndroidManifest.xml:49:19-48
23        </intent>
24    </queries>
25
26    <application
26-->src\main\AndroidManifest.xml:6:5-43:19
27        android:name="com.imaginaria.imaginaria_estudio"
27-->src\main\AndroidManifest.xml:8:9-57
28        android:debuggable="true"
29        android:extractNativeLibs="false"
30        android:icon="@mipmap/launcher_icon"
30-->src\main\AndroidManifest.xml:9:9-45
31        android:label="imaginaria_estudio"
31-->src\main\AndroidManifest.xml:7:9-43
32        android:networkSecurityConfig="@xml/network_security_config"
32-->src\main\AndroidManifest.xml:11:9-69
33        android:usesCleartextTraffic="true" >
33-->src\main\AndroidManifest.xml:10:9-44
34        <activity
34-->src\main\AndroidManifest.xml:13:9-37:20
35            android:name="com.imaginaria.imaginaria_estudio.MainActivity"
35-->src\main\AndroidManifest.xml:14:13-41
36            android:configChanges="orientation|keyboardHidden|keyboard|screenSize|smallestScreenSize|locale|layoutDirection|fontScale|screenLayout|density|uiMode"
36-->src\main\AndroidManifest.xml:19:13-163
37            android:exported="true"
37-->src\main\AndroidManifest.xml:15:13-36
38            android:hardwareAccelerated="true"
38-->src\main\AndroidManifest.xml:20:13-47
39            android:launchMode="singleTop"
39-->src\main\AndroidManifest.xml:16:13-43
40            android:taskAffinity=""
40-->src\main\AndroidManifest.xml:17:13-36
41            android:theme="@style/LaunchTheme"
41-->src\main\AndroidManifest.xml:18:13-47
42            android:windowSoftInputMode="adjustResize" >
42-->src\main\AndroidManifest.xml:21:13-55
43
44            <!-- Tema visible mientras Flutter inicializa -->
45            <meta-data
45-->src\main\AndroidManifest.xml:24:13-26:57
46                android:name="io.flutter.embedding.android.NormalTheme"
46-->src\main\AndroidManifest.xml:25:17-72
47                android:resource="@style/NormalTheme" />
47-->src\main\AndroidManifest.xml:26:17-54
48
49            <!-- Canal de notificación por defecto para FCM -->
50            <meta-data
50-->src\main\AndroidManifest.xml:29:13-31:62
51                android:name="com.google.firebase.messaging.default_notification_channel_id"
51-->src\main\AndroidManifest.xml:30:17-93
52                android:value="imaginaria_default_channel" />
52-->src\main\AndroidManifest.xml:31:17-59
53
54            <intent-filter>
54-->src\main\AndroidManifest.xml:33:13-36:29
55                <action android:name="android.intent.action.MAIN" />
55-->src\main\AndroidManifest.xml:34:17-69
55-->src\main\AndroidManifest.xml:34:25-66
56
57                <category android:name="android.intent.category.LAUNCHER" />
57-->src\main\AndroidManifest.xml:35:17-77
57-->src\main\AndroidManifest.xml:35:27-74
58            </intent-filter>
59        </activity>
60
61        <!-- No borrar: usado por Flutter tool -->
62        <meta-data
62-->src\main\AndroidManifest.xml:40:9-42:33
63            android:name="flutterEmbedding"
63-->src\main\AndroidManifest.xml:41:13-44
64            android:value="2" />
64-->src\main\AndroidManifest.xml:42:13-30
65    </application>
66
67</manifest>